[INFO ][20161209 14:40:08,912][AbstractApplicationContext:510] Refreshing org.springframework.context.support.ClassPathXmlApplicationContext@38eb9b73: startup date [Fri Dec 09 14:40:08 CST 2016]; root of context hierarchy
[INFO ][20161209 14:40:09,013][XmlBeanDefinitionReader:315] Loading XML bean definitions from class path resource [spring/spring-context.xml]
[INFO ][20161209 14:40:09,300][XmlBeanDefinitionReader:315] Loading XML bean definitions from class path resource [spring/spring-mq.xml]
[INFO ][20161209 14:40:09,421][PropertiesLoaderSupport:172] Loading properties file from class path resource [mq.properties]
[INFO ][20161209 14:40:09,489][DefaultListableBeanFactory:598] Pre-instantiating singletons in org.springframework.beans.factory.support.DefaultListableBeanFactory@5a391d46: defining beans [org.springframework.context.annotation.internalConfigurationAnnotationProcessor,org.springframework.context.annotation.internalAutowiredAnnotationProcessor,org.springframework.context.annotation.internalRequiredAnnotationProcessor,org.springframework.context.annotation.internalCommonAnnotationProcessor,mqProducer,org.springframework.context.support.PropertySourcesPlaceholderConfigurer#0,org.springframework.aop.config.internalAutoProxyCreator,targetConnectionFactory,pooledConnectionFactory,connectionFactory,activeMqJmsTemplate,org.springframework.context.annotation.ConfigurationClassPostProcessor.importAwareProcessor]; root of factory hierarchy
[INFO ][20161209 14:40:09,787][SingleConnectionFactory:291] Established shared JMS Connection: PooledConnection { ConnectionPool[ActiveMQConnection {id=ID:XQ-20150313XCXW-55646-1481265609645-1:1,clientId=null,started=false}] }
[INFO ][20161209 14:40:10,233][MQProducerTest:39] ===>System.exit
[INFO ][20161209 14:44:13,864][AbstractApplicationContext:510] Refreshing org.springframework.context.support.ClassPathXmlApplicationContext@2091a129: startup date [Fri Dec 09 14:44:13 CST 2016]; root of context hierarchy
[INFO ][20161209 14:44:13,918][XmlBeanDefinitionReader:315] Loading XML bean definitions from class path resource [spring/spring-context.xml]
[INFO ][20161209 14:44:14,127][XmlBeanDefinitionReader:315] Loading XML bean definitions from class path resource [spring/spring-mq.xml]
[INFO ][20161209 14:44:14,240][PropertiesLoaderSupport:172] Loading properties file from class path resource [mq.properties]
[INFO ][20161209 14:44:14,278][DefaultListableBeanFactory:598] Pre-instantiating singletons in org.springframework.beans.factory.support.DefaultListableBeanFactory@5bb10cf0: defining beans [org.springframework.context.annotation.internalConfigurationAnnotationProcessor,org.springframework.context.annotation.internalAutowiredAnnotationProcessor,org.springframework.context.annotation.internalRequiredAnnotationProcessor,org.springframework.context.annotation.internalCommonAnnotationProcessor,mqProducer,org.springframework.context.support.PropertySourcesPlaceholderConfigurer#0,org.springframework.aop.config.internalAutoProxyCreator,targetConnectionFactory,pooledConnectionFactory,connectionFactory,activeMqJmsTemplate,org.springframework.context.annotation.ConfigurationClassPostProcessor.importAwareProcessor]; root of factory hierarchy
[INFO ][20161209 14:44:14,557][SingleConnectionFactory:291] Established shared JMS Connection: PooledConnection { ConnectionPool[ActiveMQConnection {id=ID:XQ-20150313XCXW-55734-1481265854413-1:1,clientId=null,started=false}] }
[INFO ][20161209 14:44:14,702][MQProducerTest:39] ===>System.exit
[INFO ][20161209 14:46:45,798][AbstractApplicationContext:510] Refreshing org.springframework.context.support.ClassPathXmlApplicationContext@38eb9b73: startup date [Fri Dec 09 14:46:45 CST 2016]; root of context hierarchy
[INFO ][20161209 14:46:45,844][XmlBeanDefinitionReader:315] Loading XML bean definitions from class path resource [spring/spring-context.xml]
[INFO ][20161209 14:46:46,020][XmlBeanDefinitionReader:315] Loading XML bean definitions from class path resource [spring/spring-mq.xml]
[INFO ][20161209 14:46:46,125][PropertiesLoaderSupport:172] Loading properties file from class path resource [mq.properties]
[INFO ][20161209 14:46:46,168][DefaultListableBeanFactory:598] Pre-instantiating singletons in org.springframework.beans.factory.support.DefaultListableBeanFactory@5bb10cf0: defining beans [org.springframework.context.annotation.internalConfigurationAnnotationProcessor,org.springframework.context.annotation.internalAutowiredAnnotationProcessor,org.springframework.context.annotation.internalRequiredAnnotationProcessor,org.springframework.context.annotation.internalCommonAnnotationProcessor,mqProducer,org.springframework.context.support.PropertySourcesPlaceholderConfigurer#0,org.springframework.aop.config.internalAutoProxyCreator,targetConnectionFactory,pooledConnectionFactory,connectionFactory,activeMqJmsTemplate,org.springframework.context.annotation.ConfigurationClassPostProcessor.importAwareProcessor]; root of factory hierarchy
[INFO ][20161209 14:46:46,438][SingleConnectionFactory:291] Established shared JMS Connection: PooledConnection { ConnectionPool[ActiveMQConnection {id=ID:XQ-20150313XCXW-55767-1481266006324-1:1,clientId=null,started=false}] }
[INFO ][20161209 14:46:46,589][MQProducerTest:39] ===>System.exit
[INFO ][20161209 14:48:37,896][AbstractApplicationContext:510] Refreshing org.springframework.context.support.ClassPathXmlApplicationContext@38eb9b73: startup date [Fri Dec 09 14:48:37 CST 2016]; root of context hierarchy
[INFO ][20161209 14:48:37,943][XmlBeanDefinitionReader:315] Loading XML bean definitions from class path resource [spring/spring-context.xml]
[INFO ][20161209 14:48:38,114][XmlBeanDefinitionReader:315] Loading XML bean definitions from class path resource [spring/spring-mq.xml]
[INFO ][20161209 14:48:38,225][PropertiesLoaderSupport:172] Loading properties file from class path resource [mq.properties]
[INFO ][20161209 14:48:38,265][DefaultListableBeanFactory:598] Pre-instantiating singletons in org.springframework.beans.factory.support.DefaultListableBeanFactory@5a391d46: defining beans [org.springframework.context.annotation.internalConfigurationAnnotationProcessor,org.springframework.context.annotation.internalAutowiredAnnotationProcessor,org.springframework.context.annotation.internalRequiredAnnotationProcessor,org.springframework.context.annotation.internalCommonAnnotationProcessor,mqProducer,org.springframework.context.support.PropertySourcesPlaceholderConfigurer#0,org.springframework.aop.config.internalAutoProxyCreator,targetConnectionFactory,pooledConnectionFactory,connectionFactory,activeMqJmsTemplate,org.springframework.context.annotation.ConfigurationClassPostProcessor.importAwareProcessor]; root of factory hierarchy
[INFO ][20161209 14:48:38,522][SingleConnectionFactory:291] Established shared JMS Connection: PooledConnection { ConnectionPool[ActiveMQConnection {id=ID:XQ-20150313XCXW-55793-1481266118401-1:1,clientId=null,started=false}] }
[INFO ][20161209 14:48:38,641][MQProducerTest:39] ===>System.exit
[INFO ][20161209 14:54:40,176][AbstractApplicationContext:510] Refreshing org.springframework.context.support.ClassPathXmlApplicationContext@2091a129: startup date [Fri Dec 09 14:54:40 CST 2016]; root of context hierarchy
[INFO ][20161209 14:54:40,222][XmlBeanDefinitionReader:315] Loading XML bean definitions from class path resource [spring/spring-context.xml]
[INFO ][20161209 14:54:40,395][XmlBeanDefinitionReader:315] Loading XML bean definitions from class path resource [spring/spring-mq.xml]
[INFO ][20161209 14:54:40,495][PropertiesLoaderSupport:172] Loading properties file from class path resource [mq.properties]
[INFO ][20161209 14:54:40,532][DefaultListableBeanFactory:598] Pre-instantiating singletons in org.springframework.beans.factory.support.DefaultListableBeanFactory@5a391d46: defining beans [org.springframework.context.annotation.internalConfigurationAnnotationProcessor,org.springframework.context.annotation.internalAutowiredAnnotationProcessor,org.springframework.context.annotation.internalRequiredAnnotationProcessor,org.springframework.context.annotation.internalCommonAnnotationProcessor,mqProducer,org.springframework.context.support.PropertySourcesPlaceholderConfigurer#0,org.springframework.aop.config.internalAutoProxyCreator,targetConnectionFactory,pooledConnectionFactory,connectionFactory,activeMqJmsTemplate,org.springframework.context.annotation.ConfigurationClassPostProcessor.importAwareProcessor]; root of factory hierarchy
[INFO ][20161209 14:54:40,822][SingleConnectionFactory:291] Established shared JMS Connection: PooledConnection { ConnectionPool[ActiveMQConnection {id=ID:XQ-20150313XCXW-56328-1481266480687-1:1,clientId=null,started=false}] }
[INFO ][20161209 14:54:40,956][MQProducerTest:39] ===>System.exit
