[INFO ][20161209 14:40:50,669][AbstractApplicationContext:510] Refreshing org.springframework.context.support.ClassPathXmlApplicationContext@4ef16070: startup date [Fri Dec 09 14:40:50 CST 2016]; root of context hierarchy
[INFO ][20161209 14:40:50,724][XmlBeanDefinitionReader:315] Loading XML bean definitions from class path resource [spring/spring-context.xml]
[INFO ][20161209 14:40:50,903][XmlBeanDefinitionReader:315] Loading XML bean definitions from class path resource [spring/spring-mq.xml]
[INFO ][20161209 14:40:50,932][DefaultListableBeanFactory:665] Overriding bean definition for bean 'consumerSessionAwareMessageListener': replacing [Generic bean: class [wusc.edu.demo.mqtest.listener.ConsumerSessionAwareMessageListener]; scope=singleton; abstract=false; lazyInit=false; autowireMode=1; dependencyCheck=0; autowireCandidate=true; primary=false; factoryBeanName=null; factoryMethodName=null; initMethodName=null; destroyMethodName=null; defined in file [F:\workspace-20161024\Dubbo\Dubbo-middleDemo\edu-demo-mqconsumer\target\classes\wusc\edu\demo\mqtest\listener\ConsumerSessionAwareMessageListener.class]] with [Generic bean: class [wusc.edu.demo.mqtest.listener.ConsumerSessionAwareMessageListener]; scope=; abstract=false; lazyInit=false; autowireMode=1; dependencyCheck=0; autowireCandidate=true; primary=false; factoryBeanName=null; factoryMethodName=null; initMethodName=null; destroyMethodName=null; defined in class path resource [spring/spring-mq.xml]]
[INFO ][20161209 14:40:50,933][XmlBeanDefinitionReader:315] Loading XML bean definitions from class path resource [spring/spring-mail.xml]
[INFO ][20161209 14:40:51,065][PropertiesLoaderSupport:172] Loading properties file from class path resource [mq.properties]
[INFO ][20161209 14:40:51,066][PropertiesLoaderSupport:172] Loading properties file from class path resource [mail.properties]
[INFO ][20161209 14:40:51,108][DefaultListableBeanFactory:598] Pre-instantiating singletons in org.springframework.beans.factory.support.DefaultListableBeanFactory@77905258: defining beans [org.springframework.context.annotation.internalConfigurationAnnotationProcessor,org.springframework.context.annotation.internalAutowiredAnnotationProcessor,org.springframework.context.annotation.internalRequiredAnnotationProcessor,org.springframework.context.annotation.internalCommonAnnotationProcessor,mailBiz,consumerSessionAwareMessageListener,org.springframework.context.support.PropertySourcesPlaceholderConfigurer#0,org.springframework.aop.config.internalAutoProxyCreator,targetConnectionFactory,pooledConnectionFactory,connectionFactory,activeMqJmsTemplate,sessionAwareQueue,sessionAwareListenerContainer,mailSender,simpleMailMessage,threadPool,org.springframework.context.annotation.ConfigurationClassPostProcessor.importAwareProcessor]; root of factory hierarchy
[INFO ][20161209 14:40:51,184][ExecutorConfigurationSupport:154] Initializing ExecutorService  'threadPool'
[INFO ][20161209 14:40:51,309][DefaultLifecycleProcessor$LifecycleGroup:334] Starting beans in phase 2147483647
[INFO ][20161209 14:40:51,471][SingleConnectionFactory:291] Established shared JMS Connection: PooledConnection { ConnectionPool[ActiveMQConnection {id=ID:XQ-20150313XCXW-55664-1481265651356-1:1,clientId=null,started=false}] }
[INFO ][20161209 14:40:51,489][DefaultLifecycleProcessor$LifecycleGroup:334] Starting beans in phase 2147483647
[INFO ][20161209 14:40:51,531][ConsumerSessionAwareMessageListener:48] ==>receive message:{"content":"通过ActiveMQ异步发送邮件！","subject":"ActiveMQ测试","to":"wu-sc@foxmail.com"}
[INFO ][20161209 14:43:56,844][AbstractApplicationContext:510] Refreshing org.springframework.context.support.ClassPathXmlApplicationContext@29177565: startup date [Fri Dec 09 14:43:56 CST 2016]; root of context hierarchy
[INFO ][20161209 14:43:56,887][XmlBeanDefinitionReader:315] Loading XML bean definitions from class path resource [spring/spring-context.xml]
[INFO ][20161209 14:43:57,057][XmlBeanDefinitionReader:315] Loading XML bean definitions from class path resource [spring/spring-mq.xml]
[INFO ][20161209 14:43:57,080][DefaultListableBeanFactory:665] Overriding bean definition for bean 'consumerSessionAwareMessageListener': replacing [Generic bean: class [wusc.edu.demo.mqtest.listener.ConsumerSessionAwareMessageListener]; scope=singleton; abstract=false; lazyInit=false; autowireMode=1; dependencyCheck=0; autowireCandidate=true; primary=false; factoryBeanName=null; factoryMethodName=null; initMethodName=null; destroyMethodName=null; defined in file [F:\workspace-20161024\Dubbo\Dubbo-middleDemo\edu-demo-mqconsumer\target\classes\wusc\edu\demo\mqtest\listener\ConsumerSessionAwareMessageListener.class]] with [Generic bean: class [wusc.edu.demo.mqtest.listener.ConsumerSessionAwareMessageListener]; scope=; abstract=false; lazyInit=false; autowireMode=1; dependencyCheck=0; autowireCandidate=true; primary=false; factoryBeanName=null; factoryMethodName=null; initMethodName=null; destroyMethodName=null; defined in class path resource [spring/spring-mq.xml]]
[INFO ][20161209 14:43:57,081][XmlBeanDefinitionReader:315] Loading XML bean definitions from class path resource [spring/spring-mail.xml]
[INFO ][20161209 14:43:57,201][PropertiesLoaderSupport:172] Loading properties file from class path resource [mq.properties]
[INFO ][20161209 14:43:57,202][PropertiesLoaderSupport:172] Loading properties file from class path resource [mail.properties]
[INFO ][20161209 14:43:57,246][DefaultListableBeanFactory:598] Pre-instantiating singletons in org.springframework.beans.factory.support.DefaultListableBeanFactory@77905258: defining beans [org.springframework.context.annotation.internalConfigurationAnnotationProcessor,org.springframework.context.annotation.internalAutowiredAnnotationProcessor,org.springframework.context.annotation.internalRequiredAnnotationProcessor,org.springframework.context.annotation.internalCommonAnnotationProcessor,mailBiz,consumerSessionAwareMessageListener,org.springframework.context.support.PropertySourcesPlaceholderConfigurer#0,org.springframework.aop.config.internalAutoProxyCreator,targetConnectionFactory,pooledConnectionFactory,connectionFactory,activeMqJmsTemplate,sessionAwareQueue,sessionAwareListenerContainer,mailSender,simpleMailMessage,threadPool,org.springframework.context.annotation.ConfigurationClassPostProcessor.importAwareProcessor]; root of factory hierarchy
[INFO ][20161209 14:43:57,305][ExecutorConfigurationSupport:154] Initializing ExecutorService  'threadPool'
[INFO ][20161209 14:43:57,416][DefaultLifecycleProcessor$LifecycleGroup:334] Starting beans in phase 2147483647
[INFO ][20161209 14:43:57,577][SingleConnectionFactory:291] Established shared JMS Connection: PooledConnection { ConnectionPool[ActiveMQConnection {id=ID:XQ-20150313XCXW-55723-1481265837463-1:1,clientId=null,started=false}] }
[INFO ][20161209 14:43:57,592][DefaultLifecycleProcessor$LifecycleGroup:334] Starting beans in phase 2147483647
[INFO ][20161209 14:44:14,708][ConsumerSessionAwareMessageListener:48] ==>receive message:{"content":"通过ActiveMQ异步发送邮件！","subject":"ActiveMQ测试","to":"wu-sc@foxmail.com"}
[INFO ][20161209 14:47:26,482][AbstractApplicationContext:510] Refreshing org.springframework.context.support.ClassPathXmlApplicationContext@4ef16070: startup date [Fri Dec 09 14:47:26 CST 2016]; root of context hierarchy
[INFO ][20161209 14:47:26,528][XmlBeanDefinitionReader:315] Loading XML bean definitions from class path resource [spring/spring-context.xml]
[INFO ][20161209 14:47:26,699][XmlBeanDefinitionReader:315] Loading XML bean definitions from class path resource [spring/spring-mq.xml]
[INFO ][20161209 14:47:26,726][DefaultListableBeanFactory:665] Overriding bean definition for bean 'consumerSessionAwareMessageListener': replacing [Generic bean: class [wusc.edu.demo.mqtest.listener.ConsumerSessionAwareMessageListener]; scope=singleton; abstract=false; lazyInit=false; autowireMode=1; dependencyCheck=0; autowireCandidate=true; primary=false; factoryBeanName=null; factoryMethodName=null; initMethodName=null; destroyMethodName=null; defined in file [F:\workspace-20161024\Dubbo\Dubbo-middleDemo\edu-demo-mqconsumer\target\classes\wusc\edu\demo\mqtest\listener\ConsumerSessionAwareMessageListener.class]] with [Generic bean: class [wusc.edu.demo.mqtest.listener.ConsumerSessionAwareMessageListener]; scope=; abstract=false; lazyInit=false; autowireMode=1; dependencyCheck=0; autowireCandidate=true; primary=false; factoryBeanName=null; factoryMethodName=null; initMethodName=null; destroyMethodName=null; defined in class path resource [spring/spring-mq.xml]]
[INFO ][20161209 14:47:26,728][XmlBeanDefinitionReader:315] Loading XML bean definitions from class path resource [spring/spring-mail.xml]
[INFO ][20161209 14:47:26,846][PropertiesLoaderSupport:172] Loading properties file from class path resource [mq.properties]
[INFO ][20161209 14:47:26,846][PropertiesLoaderSupport:172] Loading properties file from class path resource [mail.properties]
[INFO ][20161209 14:47:26,888][DefaultListableBeanFactory:598] Pre-instantiating singletons in org.springframework.beans.factory.support.DefaultListableBeanFactory@af1cdfb: defining beans [org.springframework.context.annotation.internalConfigurationAnnotationProcessor,org.springframework.context.annotation.internalAutowiredAnnotationProcessor,org.springframework.context.annotation.internalRequiredAnnotationProcessor,org.springframework.context.annotation.internalCommonAnnotationProcessor,mailBiz,consumerSessionAwareMessageListener,org.springframework.context.support.PropertySourcesPlaceholderConfigurer#0,org.springframework.aop.config.internalAutoProxyCreator,targetConnectionFactory,pooledConnectionFactory,connectionFactory,activeMqJmsTemplate,sessionAwareQueue,sessionAwareListenerContainer,mailSender,simpleMailMessage,threadPool,org.springframework.context.annotation.ConfigurationClassPostProcessor.importAwareProcessor]; root of factory hierarchy
[INFO ][20161209 14:47:26,948][ExecutorConfigurationSupport:154] Initializing ExecutorService  'threadPool'
[INFO ][20161209 14:47:27,051][DefaultLifecycleProcessor$LifecycleGroup:334] Starting beans in phase 2147483647
[INFO ][20161209 14:47:27,210][SingleConnectionFactory:291] Established shared JMS Connection: PooledConnection { ConnectionPool[ActiveMQConnection {id=ID:XQ-20150313XCXW-55781-1481266047099-1:1,clientId=null,started=false}] }
[INFO ][20161209 14:47:27,227][DefaultLifecycleProcessor$LifecycleGroup:334] Starting beans in phase 2147483647
[INFO ][20161209 14:47:27,268][ConsumerSessionAwareMessageListener:48] ==>receive message:{"content":"通过ActiveMQ异步发送邮件！","subject":"ActiveMQ测试","to":"liuyucang236@163.com"}
[INFO ][20161209 14:48:31,898][AbstractApplicationContext:510] Refreshing org.springframework.context.support.ClassPathXmlApplicationContext@48f2818d: startup date [Fri Dec 09 14:48:31 CST 2016]; root of context hierarchy
[INFO ][20161209 14:48:31,942][XmlBeanDefinitionReader:315] Loading XML bean definitions from class path resource [spring/spring-context.xml]
[INFO ][20161209 14:48:32,108][XmlBeanDefinitionReader:315] Loading XML bean definitions from class path resource [spring/spring-mq.xml]
[INFO ][20161209 14:48:32,134][DefaultListableBeanFactory:665] Overriding bean definition for bean 'consumerSessionAwareMessageListener': replacing [Generic bean: class [wusc.edu.demo.mqtest.listener.ConsumerSessionAwareMessageListener]; scope=singleton; abstract=false; lazyInit=false; autowireMode=1; dependencyCheck=0; autowireCandidate=true; primary=false; factoryBeanName=null; factoryMethodName=null; initMethodName=null; destroyMethodName=null; defined in file [F:\workspace-20161024\Dubbo\Dubbo-middleDemo\edu-demo-mqconsumer\target\classes\wusc\edu\demo\mqtest\listener\ConsumerSessionAwareMessageListener.class]] with [Generic bean: class [wusc.edu.demo.mqtest.listener.ConsumerSessionAwareMessageListener]; scope=; abstract=false; lazyInit=false; autowireMode=1; dependencyCheck=0; autowireCandidate=true; primary=false; factoryBeanName=null; factoryMethodName=null; initMethodName=null; destroyMethodName=null; defined in class path resource [spring/spring-mq.xml]]
[INFO ][20161209 14:48:32,135][XmlBeanDefinitionReader:315] Loading XML bean definitions from class path resource [spring/spring-mail.xml]
[INFO ][20161209 14:48:32,250][PropertiesLoaderSupport:172] Loading properties file from class path resource [mq.properties]
[INFO ][20161209 14:48:32,251][PropertiesLoaderSupport:172] Loading properties file from class path resource [mail.properties]
[INFO ][20161209 14:48:32,293][DefaultListableBeanFactory:598] Pre-instantiating singletons in org.springframework.beans.factory.support.DefaultListableBeanFactory@90a1f5a: defining beans [org.springframework.context.annotation.internalConfigurationAnnotationProcessor,org.springframework.context.annotation.internalAutowiredAnnotationProcessor,org.springframework.context.annotation.internalRequiredAnnotationProcessor,org.springframework.context.annotation.internalCommonAnnotationProcessor,mailBiz,consumerSessionAwareMessageListener,org.springframework.context.support.PropertySourcesPlaceholderConfigurer#0,org.springframework.aop.config.internalAutoProxyCreator,targetConnectionFactory,pooledConnectionFactory,connectionFactory,activeMqJmsTemplate,sessionAwareQueue,sessionAwareListenerContainer,mailSender,simpleMailMessage,threadPool,org.springframework.context.annotation.ConfigurationClassPostProcessor.importAwareProcessor]; root of factory hierarchy
[INFO ][20161209 14:48:32,349][ExecutorConfigurationSupport:154] Initializing ExecutorService  'threadPool'
[INFO ][20161209 14:48:32,454][DefaultLifecycleProcessor$LifecycleGroup:334] Starting beans in phase 2147483647
[INFO ][20161209 14:48:32,613][SingleConnectionFactory:291] Established shared JMS Connection: PooledConnection { ConnectionPool[ActiveMQConnection {id=ID:XQ-20150313XCXW-55791-1481266112502-1:1,clientId=null,started=false}] }
[INFO ][20161209 14:48:32,628][DefaultLifecycleProcessor$LifecycleGroup:334] Starting beans in phase 2147483647
[INFO ][20161209 14:48:38,646][ConsumerSessionAwareMessageListener:48] ==>receive message:{"content":"通过ActiveMQ异步发送邮件！","subject":"ActiveMQ测试","to":"liuyucang236@163.com"}
[INFO ][20161209 14:55:32,152][AbstractApplicationContext:510] Refreshing org.springframework.context.support.ClassPathXmlApplicationContext@29177565: startup date [Fri Dec 09 14:55:32 CST 2016]; root of context hierarchy
[INFO ][20161209 14:55:32,198][XmlBeanDefinitionReader:315] Loading XML bean definitions from class path resource [spring/spring-context.xml]
[INFO ][20161209 14:55:32,374][XmlBeanDefinitionReader:315] Loading XML bean definitions from class path resource [spring/spring-mq.xml]
[INFO ][20161209 14:55:32,397][DefaultListableBeanFactory:665] Overriding bean definition for bean 'consumerSessionAwareMessageListener': replacing [Generic bean: class [wusc.edu.demo.mqtest.listener.ConsumerSessionAwareMessageListener]; scope=singleton; abstract=false; lazyInit=false; autowireMode=1; dependencyCheck=0; autowireCandidate=true; primary=false; factoryBeanName=null; factoryMethodName=null; initMethodName=null; destroyMethodName=null; defined in file [F:\workspace-20161024\Dubbo\Dubbo-middleDemo\edu-demo-mqconsumer\target\classes\wusc\edu\demo\mqtest\listener\ConsumerSessionAwareMessageListener.class]] with [Generic bean: class [wusc.edu.demo.mqtest.listener.ConsumerSessionAwareMessageListener]; scope=; abstract=false; lazyInit=false; autowireMode=1; dependencyCheck=0; autowireCandidate=true; primary=false; factoryBeanName=null; factoryMethodName=null; initMethodName=null; destroyMethodName=null; defined in class path resource [spring/spring-mq.xml]]
[INFO ][20161209 14:55:32,398][XmlBeanDefinitionReader:315] Loading XML bean definitions from class path resource [spring/spring-mail.xml]
[INFO ][20161209 14:55:32,516][PropertiesLoaderSupport:172] Loading properties file from class path resource [mq.properties]
[INFO ][20161209 14:55:32,516][PropertiesLoaderSupport:172] Loading properties file from class path resource [mail.properties]
[INFO ][20161209 14:55:32,562][DefaultListableBeanFactory:598] Pre-instantiating singletons in org.springframework.beans.factory.support.DefaultListableBeanFactory@77905258: defining beans [org.springframework.context.annotation.internalConfigurationAnnotationProcessor,org.springframework.context.annotation.internalAutowiredAnnotationProcessor,org.springframework.context.annotation.internalRequiredAnnotationProcessor,org.springframework.context.annotation.internalCommonAnnotationProcessor,mailBiz,consumerSessionAwareMessageListener,org.springframework.context.support.PropertySourcesPlaceholderConfigurer#0,org.springframework.aop.config.internalAutoProxyCreator,targetConnectionFactory,pooledConnectionFactory,connectionFactory,activeMqJmsTemplate,sessionAwareQueue,sessionAwareListenerContainer,mailSender,simpleMailMessage,threadPool,org.springframework.context.annotation.ConfigurationClassPostProcessor.importAwareProcessor]; root of factory hierarchy
[INFO ][20161209 14:55:32,618][ExecutorConfigurationSupport:154] Initializing ExecutorService  'threadPool'
[INFO ][20161209 14:55:32,721][DefaultLifecycleProcessor$LifecycleGroup:334] Starting beans in phase 2147483647
[INFO ][20161209 14:55:32,879][SingleConnectionFactory:291] Established shared JMS Connection: PooledConnection { ConnectionPool[ActiveMQConnection {id=ID:XQ-20150313XCXW-56351-1481266532768-1:1,clientId=null,started=false}] }
[INFO ][20161209 14:55:32,895][DefaultLifecycleProcessor$LifecycleGroup:334] Starting beans in phase 2147483647
[INFO ][20161209 14:55:32,936][ConsumerSessionAwareMessageListener:48] ==>receive message:{"content":"通过我的消息队列demo-发送信息！","subject":"我的消息队列德莫","to":"liuyucang236@163.com"}
